<?xml version="1.0" encoding="UTF-8"?>
<!-- Generated by org.testng.reporters.JUnitXMLReporter -->
<testsuite hostname="LAPTOP-6G08F8AE" ignored="0" name="Command line test" tests="6" failures="0" timestamp="2021-04-05T12:31:28 IST" time="0.087" errors="0">
  <testcase name="Android" time="0.009" classname="Maven.Mavenjava.AppiumTest"/>
  <testcase name="IOS" time="0.0" classname="Maven.Mavenjava.AppiumTest"/>
  <testcase name="deleteTwitter" time="0.001" classname="Maven.Mavenjava.RestAPITest"/>
  <testcase name="postJira" time="0.0" classname="Maven.Mavenjava.RestAPITest"/>
  <testcase name="BrowserAutomation" time="0.001" classname="Maven.Mavenjava.SeleniumTest"/>
  <testcase name="Elements" time="0.001" classname="Maven.Mavenjava.SeleniumTest"/>
</testsuite> <!-- Command line test -->
