<?xml version="1.0" encoding="UTF-8"?>
<!-- Generated by org.testng.reporters.JUnitXMLReporter -->
<testsuite hostname="LAPTOP-6G08F8AE" ignored="0" name="Test" tests="4" failures="0" timestamp="2021-04-03T04:05:32 IST" time="0.1" errors="0">
  <testcase name="Android" time="0.01" classname="Maven.Mavenjava.AppiumTest"/>
  <testcase name="IOS" time="0.001" classname="Maven.Mavenjava.AppiumTest"/>
  <testcase name="BrowserAutomation" time="0.001" classname="Maven.Mavenjava.SeleniumTest"/>
  <testcase name="Elements" time="0.0" classname="Maven.Mavenjava.SeleniumTest"/>
</testsuite> <!-- Test -->
