<?xml version="1.0" encoding="UTF-8"?>
<testng-results skipped="0" failed="0" ignored="0" total="6" passed="6">
  <reporter-output>
  </reporter-output>
  <suite name="Command line suite" duration-ms="87" started-at="2021-04-05T12:31:28 IST" finished-at="2021-04-05T12:31:28 IST">
    <groups>
    </groups>
    <test name="Command line test" duration-ms="87" started-at="2021-04-05T12:31:28 IST" finished-at="2021-04-05T12:31:28 IST">
      <class name="Maven.Mavenjava.SeleniumTest">
        <test-method status="PASS" signature="BrowserAutomation()[pri:0, instance:Maven.Mavenjava.SeleniumTest@5025a98f]" name="BrowserAutomation" duration-ms="1" started-at="2021-04-05T12:31:28 IST" finished-at="2021-04-05T12:31:28 IST">
          <reporter-output>
          </reporter-output>
        </test-method> <!-- BrowserAutomation -->
        <test-method status="PASS" signature="Elements()[pri:0, instance:Maven.Mavenjava.SeleniumTest@5025a98f]" name="Elements" duration-ms="1" started-at="2021-04-05T12:31:28 IST" finished-at="2021-04-05T12:31:28 IST">
          <reporter-output>
          </reporter-output>
        </test-method> <!-- Elements -->
      </class> <!-- Maven.Mavenjava.SeleniumTest -->
      <class name="Maven.Mavenjava.RestAPITest">
        <test-method status="PASS" signature="deleteTwitter()[pri:0, instance:Maven.Mavenjava.RestAPITest@2d928643]" name="deleteTwitter" duration-ms="1" started-at="2021-04-05T12:31:28 IST" finished-at="2021-04-05T12:31:28 IST">
          <reporter-output>
          </reporter-output>
        </test-method> <!-- deleteTwitter -->
        <test-method status="PASS" signature="postJira()[pri:0, instance:Maven.Mavenjava.RestAPITest@2d928643]" name="postJira" duration-ms="0" started-at="2021-04-05T12:31:28 IST" finished-at="2021-04-05T12:31:28 IST">
          <reporter-output>
          </reporter-output>
        </test-method> <!-- postJira -->
      </class> <!-- Maven.Mavenjava.RestAPITest -->
      <class name="Maven.Mavenjava.AppiumTest">
        <test-method status="PASS" signature="Android()[pri:0, instance:Maven.Mavenjava.AppiumTest@6adede5]" name="Android" duration-ms="9" started-at="2021-04-05T12:31:28 IST" finished-at="2021-04-05T12:31:28 IST">
          <reporter-output>
          </reporter-output>
        </test-method> <!-- Android -->
        <test-method status="PASS" signature="IOS()[pri:0, instance:Maven.Mavenjava.AppiumTest@6adede5]" name="IOS" duration-ms="0" started-at="2021-04-05T12:31:28 IST" finished-at="2021-04-05T12:31:28 IST">
          <reporter-output>
          </reporter-output>
        </test-method> <!-- IOS -->
      </class> <!-- Maven.Mavenjava.AppiumTest -->
    </test> <!-- Command line test -->
  </suite> <!-- Command line suite -->
</testng-results>
